22:56:24.687 [main] DEBUG com.intuit.karate.Suite - [config] classpath:karate-config.js
22:56:26.871 [main] INFO  com.intuit.karate - karate.env system property was: null 
22:56:27.567 [main] DEBUG com.intuit.karate - request:
1 > GET https://petstore.swagger.io/v2/pet/24
1 > X_SESSION_TOKEN: #(authToken)
1 > Content-Type: application/json
1 > api_key: admin1234
1 > Host: petstore.swagger.io
1 > Connection: Keep-Alive
1 > User-Agent: Apache-HttpClient/4.5.14 (Java/11.0.15)
1 > Accept-Encoding: gzip,deflate


22:56:29.420 [main] DEBUG com.intuit.karate - response time in milliseconds: 1847
1 < 404
1 < Date: Wed, 20 Dec 2023 15:56:29 GMT
1 < Content-Type: application/json
1 < Transfer-Encoding: chunked
1 < Connection: keep-alive
1 < Access-Control-Allow-Origin: *
1 < Access-Control-Allow-Methods: GET, POST, DELETE, PUT
1 < Access-Control-Allow-Headers: Content-Type, api_key, Authorization
1 < Server: Jetty(9.2.9.v20150224)
{"code":1,"type":"error","message":"Pet not found"}

22:56:29.509 [main] ERROR com.intuit.karate - classpath:examples/users/users.feature:10
Then status 200
status code was: 404, expected: 200, response time in milliseconds: 1847, url: https://petstore.swagger.io/v2/pet/24, response: 
{"code":1,"type":"error","message":"Pet not found"}
classpath:examples/users/users.feature:10
22:56:29.582 [main] INFO  com.intuit.karate - karate.env system property was: null 
22:56:29.601 [main] DEBUG com.intuit.karate - request:
1 > GET https://petstore.swagger.io/v2/pet/121121212
1 > X_SESSION_TOKEN: #(authToken)
1 > Content-Type: application/json
1 > api_key: admin1234
1 > Host: petstore.swagger.io
1 > Connection: Keep-Alive
1 > User-Agent: Apache-HttpClient/4.5.14 (Java/11.0.15)
1 > Accept-Encoding: gzip,deflate


22:56:30.632 [main] DEBUG com.intuit.karate - response time in milliseconds: 1028
1 < 404
1 < Date: Wed, 20 Dec 2023 15:56:30 GMT
1 < Content-Type: application/json
1 < Transfer-Encoding: chunked
1 < Connection: keep-alive
1 < Access-Control-Allow-Origin: *
1 < Access-Control-Allow-Methods: GET, POST, DELETE, PUT
1 < Access-Control-Allow-Headers: Content-Type, api_key, Authorization
1 < Server: Jetty(9.2.9.v20150224)
{"code":1,"type":"error","message":"Pet not found"}

22:56:30.677 [main] INFO  com.intuit.karate - [print] {
  "code": 1,
  "type": "error",
  "message": "Pet not found"
}
 
22:56:30.716 [main] INFO  com.intuit.karate - karate.env system property was: null 
22:56:30.802 [main] DEBUG com.intuit.karate - request:
1 > POST https://petstore.swagger.io/v2/pet
1 > X_SESSION_TOKEN: #(authToken)
1 > Content-Type: application/json; charset=UTF-8
1 > api_key: admin1234
1 > Content-Length: 257
1 > Host: petstore.swagger.io
1 > Connection: Keep-Alive
1 > User-Agent: Apache-HttpClient/4.5.14 (Java/11.0.15)
1 > Accept-Encoding: gzip,deflate
{"id":1400,"category":{"id":24,"name":"hastri"},"name":"doggie","photoUrls":["https:\/\/hips.hearstapps.com\/hmg-prod\/images\/gettyimages-1667586499.jpg?crop=0.668xw:1.00xh;0.148xw,0&resize=980:*"],"tags":[{"id":240,"name":"bulldog"}],"status":"available"}

22:56:31.739 [main] DEBUG com.intuit.karate - response time in milliseconds: 934
1 < 200
1 < Date: Wed, 20 Dec 2023 15:56:31 GMT
1 < Content-Type: application/json
1 < Transfer-Encoding: chunked
1 < Connection: keep-alive
1 < Access-Control-Allow-Origin: *
1 < Access-Control-Allow-Methods: GET, POST, DELETE, PUT
1 < Access-Control-Allow-Headers: Content-Type, api_key, Authorization
1 < Server: Jetty(9.2.9.v20150224)
{"id":1400,"category":{"id":24,"name":"hastri"},"name":"doggie","photoUrls":["https://hips.hearstapps.com/hmg-prod/images/gettyimages-1667586499.jpg?crop=0.668xw:1.00xh;0.148xw,0&resize=980:*"],"tags":[{"id":240,"name":"bulldog"}],"status":"available"}

22:56:31.756 [main] INFO  com.intuit.karate - [print] {
  "id": 1400,
  "category": {
    "id": 24,
    "name": "hastri"
  },
  "name": "doggie",
  "photoUrls": [
    "https://hips.hearstapps.com/hmg-prod/images/gettyimages-1667586499.jpg?crop=0.668xw:1.00xh;0.148xw,0&resize=980:*"
  ],
  "tags": [
    {
      "id": 240,
      "name": "bulldog"
    }
  ],
  "status": "available"
}
 
22:56:31.791 [main] INFO  com.intuit.karate - karate.env system property was: null 
22:56:31.808 [main] DEBUG com.intuit.karate - request:
1 > POST https://petstore.swagger.io/v2/pet
1 > X_SESSION_TOKEN: #(authToken)
1 > Content-Type: application/json; charset=UTF-8
1 > api_key: admin1234
1 > Content-Length: 252
1 > Host: petstore.swagger.io
1 > Connection: Keep-Alive
1 > User-Agent: Apache-HttpClient/4.5.14 (Java/11.0.15)
1 > Accept-Encoding: gzip,deflate
{"id":"sss","category":{"id":24,"name":""},"name":"doggie","photoUrls":["https:\/\/hips.hearstapps.com\/hmg-prod\/images\/gettyimages-1667586499.jpg?crop=0.668xw:1.00xh;0.148xw,0&resize=980:*"],"tags":[{"id":240,"name":"bulldog"}],"status":"available"}

22:56:32.781 [main] DEBUG com.intuit.karate - response time in milliseconds: 971
1 < 500
1 < Date: Wed, 20 Dec 2023 15:56:32 GMT
1 < Content-Type: application/json
1 < Transfer-Encoding: chunked
1 < Connection: keep-alive
1 < Access-Control-Allow-Origin: *
1 < Access-Control-Allow-Methods: GET, POST, DELETE, PUT
1 < Access-Control-Allow-Headers: Content-Type, api_key, Authorization
1 < Server: Jetty(9.2.9.v20150224)
{"code":500,"type":"unknown","message":"something bad happened"}

22:56:32.792 [main] INFO  com.intuit.karate - [print] {
  "code": 500,
  "type": "unknown",
  "message": "something bad happened"
}
 
22:56:32.814 [main] INFO  com.intuit.karate - karate.env system property was: null 
22:56:32.825 [main] DEBUG com.intuit.karate - request:
1 > DELETE https://petstore.swagger.io/v2/pet/1400
1 > X_SESSION_TOKEN: #(authToken)
1 > Content-Type: application/json
1 > api_key: admin1234
1 > Host: petstore.swagger.io
1 > Connection: Keep-Alive
1 > User-Agent: Apache-HttpClient/4.5.14 (Java/11.0.15)
1 > Accept-Encoding: gzip,deflate


22:56:33.803 [main] DEBUG com.intuit.karate - response time in milliseconds: 975
1 < 200
1 < Date: Wed, 20 Dec 2023 15:56:33 GMT
1 < Content-Type: application/json
1 < Transfer-Encoding: chunked
1 < Connection: keep-alive
1 < Access-Control-Allow-Origin: *
1 < Access-Control-Allow-Methods: GET, POST, DELETE, PUT
1 < Access-Control-Allow-Headers: Content-Type, api_key, Authorization
1 < Server: Jetty(9.2.9.v20150224)
{"code":200,"type":"unknown","message":"1400"}

22:56:33.835 [main] INFO  com.intuit.karate - [print] {
  "code": 200,
  "type": "unknown",
  "message": "1400"
}
 
